2025-05-22T16:24:30.136448Z 2fef5cfcb7e6 New connection: 172.18.0.1:57226 (172.18.0.2:2222) [session: 2fef5cfcb7e6]
2025-05-22T16:24:30.155041Z 2fef5cfcb7e6 Remote SSH version: SSH-2.0-OpenSSH_for_Windows_9.5
2025-05-22T16:24:30.169484Z 2fef5cfcb7e6 SSH client hassh fingerprint: 701158e75b508e76f0410d5d22ef9df0
2025-05-22T16:24:35.294114Z 2fef5cfcb7e6 login attempt [admin/t] succeeded
2025-05-22T16:24:35.683525Z 2fef5cfcb7e6 Terminal Size: 120 30
2025-05-22T16:24:35.699325Z 2fef5cfcb7e6 ()
2025-05-22T16:24:36.055180Z 2fef5cfcb7e6 CMD: check_critical_processes
2025-05-22T16:24:36.066671Z 2fef5cfcb7e6 Command not found: check_critical_processes
2025-05-22T16:26:15.942388Z 2fef5cfcb7e6 CMD: d
2025-05-22T16:26:15.953313Z 2fef5cfcb7e6 Command not found: d
2025-05-22T16:27:39.442106Z 2fef5cfcb7e6 Connection lost after 189.3 seconds
2025-05-23T12:46:03.966876Z c500921d75d5 New connection: 172.18.0.1:59304 (172.18.0.2:2222) [session: c500921d75d5]
2025-05-23T12:46:03.992736Z c500921d75d5 Remote SSH version: SSH-2.0-OpenSSH_for_Windows_9.5
2025-05-23T12:46:04.009452Z c500921d75d5 SSH client hassh fingerprint: 701158e75b508e76f0410d5d22ef9df0
2025-05-23T12:46:07.115120Z c500921d75d5 login attempt [admin/דדs] succeeded
2025-05-23T12:46:07.789746Z c500921d75d5 Terminal Size: 133 33
2025-05-23T12:46:07.815962Z c500921d75d5 ()
2025-05-23T12:46:20.700906Z c500921d75d5 CMD: app_version
2025-05-23T12:46:20.717676Z c500921d75d5 Command not found: app_version
2025-05-23T12:46:26.978598Z c500921d75d5 CMD: app_version.py
2025-05-23T12:46:26.994328Z c500921d75d5 Command not found: app_version.py
2025-05-23T12:46:37.962605Z c500921d75d5 CMD: cd /
2025-05-23T12:46:43.038011Z c500921d75d5 CMD: ls -la
2025-05-23T12:46:46.998940Z c500921d75d5 CMD: cd/ var
2025-05-23T12:46:47.015973Z c500921d75d5 Command not found: cd/ var
2025-05-23T12:46:49.331202Z c500921d75d5 CMD: cd /var
2025-05-23T12:46:55.037019Z c500921d75d5 CMD: cd /log
2025-05-23T12:47:08.168513Z c500921d75d5 CMD: cd /
2025-05-23T12:47:29.555780Z c500921d75d5 CMD: cd /usr/local/bin
2025-05-23T12:47:35.232859Z c500921d75d5 CMD: app_version
2025-05-23T12:47:35.249391Z c500921d75d5 Command not found: app_version
2025-05-23T12:47:37.690722Z c500921d75d5 CMD: app_version.py
2025-05-23T12:47:37.701718Z c500921d75d5 Command not found: app_version.py
2025-05-23T12:49:10.094764Z c500921d75d5 Connection lost after 186.1 seconds
2025-05-23T12:58:19.212535Z 4ff22096c094 New connection: 172.18.0.1:39000 (172.18.0.2:2222) [session: 4ff22096c094]
2025-05-23T12:58:19.233655Z 4ff22096c094 Remote SSH version: SSH-2.0-OpenSSH_for_Windows_9.5
2025-05-23T12:58:19.250651Z 4ff22096c094 SSH client hassh fingerprint: 701158e75b508e76f0410d5d22ef9df0
2025-05-23T12:58:21.884039Z 4ff22096c094 login attempt [admin/s] succeeded
2025-05-23T12:58:22.509109Z 4ff22096c094 Terminal Size: 120 30
2025-05-23T12:58:22.536956Z 4ff22096c094 ()
2025-05-23T12:58:29.016502Z 4ff22096c094 CMD: probe
2025-05-23T12:58:29.031973Z 4ff22096c094 Command not found: probe
2025-05-23T12:58:49.815847Z 4ff22096c094 CMD: probe.py
2025-05-23T12:58:49.826587Z 4ff22096c094 Command not found: probe.py
2025-05-23T13:01:26.683187Z 4ff22096c094 Connection lost after 187.4 seconds
2025-05-23T13:32:43.263707Z 202e676616fc New connection: 172.18.0.1:53600 (172.18.0.2:2222) [session: 202e676616fc]
2025-05-23T13:32:43.280606Z 202e676616fc Remote SSH version: SSH-2.0-OpenSSH_for_Windows_9.5
2025-05-23T13:32:43.292024Z 202e676616fc SSH client hassh fingerprint: 701158e75b508e76f0410d5d22ef9df0
2025-05-23T13:32:45.077393Z 202e676616fc login attempt [admin/s] succeeded
2025-05-23T13:32:45.547783Z 202e676616fc Terminal Size: 120 30
2025-05-23T13:32:45.562573Z 202e676616fc ()
2025-05-23T13:32:49.186990Z 202e676616fc CMD: hello
2025-05-23T13:32:49.197344Z 202e676616fc Command not found: hello
2025-05-23T13:32:52.460793Z 202e676616fc CMD: hello.py
2025-05-23T13:32:52.472205Z 202e676616fc Command not found: hello.py
2025-05-23T13:35:51.331612Z 202e676616fc Connection lost after 188.1 seconds
2025-05-23T13:37:03.543964Z aa5a21e57970 New connection: 172.18.0.1:45516 (172.18.0.2:2222) [session: aa5a21e57970]
2025-05-23T13:37:03.557390Z aa5a21e57970 Remote SSH version: SSH-2.0-OpenSSH_for_Windows_9.5
2025-05-23T13:37:03.568189Z aa5a21e57970 SSH client hassh fingerprint: 701158e75b508e76f0410d5d22ef9df0
2025-05-23T13:37:08.421331Z aa5a21e57970 login attempt [admin/dd] succeeded
2025-05-23T13:37:08.776133Z aa5a21e57970 Terminal Size: 120 30
2025-05-23T13:37:08.790884Z aa5a21e57970 ()
2025-05-23T13:37:10.930414Z aa5a21e57970 CMD: hello
2025-05-23T13:37:10.940969Z aa5a21e57970 Command not found: hello
2025-05-23T13:37:12.866225Z aa5a21e57970 CMD: hello.py
2025-05-23T13:37:12.878352Z aa5a21e57970 Command not found: hello.py
2025-05-23T13:37:26.141213Z aa5a21e57970 CMD: get_system_info
2025-05-23T13:37:26.152066Z aa5a21e57970 Command not found: get_system_info
2025-05-23T13:38:48.750888Z aa5a21e57970 Closing TTY Log: var/lib/cowrie/tty/1ccf53bca92d3b4c69d1011dcaaa0f08f079866cfd62e5a371f5a8e767825a1c after 100.0 seconds
2025-05-23T13:38:48.773669Z aa5a21e57970 Connection lost after 105.2 seconds
2025-05-23T13:39:47.196207Z a6c1b3ba0a40 New connection: 172.18.0.1:57188 (172.18.0.2:2222) [session: a6c1b3ba0a40]
2025-05-23T13:39:47.212172Z a6c1b3ba0a40 Remote SSH version: SSH-2.0-OpenSSH_for_Windows_9.5
2025-05-23T13:39:47.220165Z a6c1b3ba0a40 SSH client hassh fingerprint: 701158e75b508e76f0410d5d22ef9df0
2025-05-23T13:39:49.033918Z a6c1b3ba0a40 login attempt [admin/t] succeeded
2025-05-23T13:39:49.480254Z a6c1b3ba0a40 Terminal Size: 120 30
2025-05-23T13:39:49.506340Z a6c1b3ba0a40 ()
2025-05-23T13:39:56.795983Z a6c1b3ba0a40 CMD: hello
2025-05-23T13:39:56.809073Z a6c1b3ba0a40 Command not found: hello
2025-05-23T13:40:05.869073Z a6c1b3ba0a40 CMD: probe
2025-05-23T13:40:05.880026Z a6c1b3ba0a40 Command not found: probe
2025-05-23T13:40:07.234557Z a6c1b3ba0a40 CMD: probe.py
2025-05-23T13:40:07.245052Z a6c1b3ba0a40 Command not found: probe.py
2025-05-23T13:40:18.294350Z a6c1b3ba0a40 CMD: view_maintenance_log
2025-05-23T13:40:18.304331Z a6c1b3ba0a40 Command not found: view_maintenance_log
2025-05-23T13:40:33.284359Z a6c1b3ba0a40 CMD: list_deployed_apps
2025-05-23T13:40:33.291623Z a6c1b3ba0a40 Command not found: list_deployed_apps
2025-05-23T13:42:54.213200Z a6c1b3ba0a40 Connection lost after 187.0 seconds
2025-05-24T18:51:00.015506Z fae7791d1525 New connection: 172.18.0.1:56522 (172.18.0.2:2222) [session: fae7791d1525]
2025-05-24T18:51:00.045856Z fae7791d1525 Remote SSH version: SSH-2.0-OpenSSH_for_Windows_9.5
2025-05-24T18:51:00.060125Z fae7791d1525 SSH client hassh fingerprint: 701158e75b508e76f0410d5d22ef9df0
2025-05-24T18:51:03.198438Z fae7791d1525 login attempt [admin/ye] succeeded
2025-05-24T18:51:03.582366Z fae7791d1525 Terminal Size: 120 30
2025-05-24T18:51:03.604368Z fae7791d1525 ()
2025-05-24T18:51:12.190101Z fae7791d1525 CMD: fake
2025-05-24T18:51:12.200356Z fae7791d1525 Command not found: fake
2025-05-24T18:51:14.873349Z fae7791d1525 CMD: fake.py
2025-05-24T18:51:14.884036Z fae7791d1525 Command not found: fake.py
2025-05-24T18:53:53.905674Z fae7791d1525 Closing TTY Log: var/lib/cowrie/tty/e781152b08bdbf37f6c6b4452d5dd64e61b41f9275ff6f730eb81dddec4e0a5f after 170.3 seconds
2025-05-24T18:53:53.922629Z fae7791d1525 Connection lost after 173.9 seconds
2025-05-24T18:55:48.086894Z e395565cea7b New connection: 172.18.0.1:52868 (172.18.0.2:2222) [session: e395565cea7b]
2025-05-24T18:55:48.100767Z e395565cea7b Remote SSH version: SSH-2.0-OpenSSH_for_Windows_9.5
2025-05-24T18:55:48.111195Z e395565cea7b SSH client hassh fingerprint: 701158e75b508e76f0410d5d22ef9df0
2025-05-24T18:55:50.617621Z e395565cea7b login attempt [admin/f] succeeded
2025-05-24T18:55:51.035056Z e395565cea7b Terminal Size: 120 30
2025-05-24T18:55:51.053035Z e395565cea7b ()
2025-05-24T18:55:53.804793Z e395565cea7b CMD: fake
2025-05-24T18:55:53.815381Z e395565cea7b Command not found: fake
2025-05-24T18:56:01.312099Z e395565cea7b CMD: hello
2025-05-24T18:56:01.321246Z e395565cea7b Command not found: hello
2025-05-24T18:57:27.480254Z e395565cea7b CMD: hello
2025-05-24T18:57:27.492761Z e395565cea7b Command not found: hello
2025-05-24T18:57:28.264429Z e395565cea7b CMD: fake
2025-05-24T18:57:28.278283Z e395565cea7b Command not found: fake
2025-05-24T18:58:51.085566Z e395565cea7b Connection lost after 183.0 seconds
2025-05-24T19:15:49.416403Z 988c96b63339 New connection: 172.18.0.1:47322 (172.18.0.2:2222) [session: 988c96b63339]
2025-05-24T19:15:49.433628Z 988c96b63339 Remote SSH version: SSH-2.0-OpenSSH_for_Windows_9.5
2025-05-24T19:15:49.445938Z 988c96b63339 SSH client hassh fingerprint: 701158e75b508e76f0410d5d22ef9df0
2025-05-24T19:15:51.619274Z 988c96b63339 login attempt [admin/t] succeeded
2025-05-24T19:15:52.040670Z 988c96b63339 Terminal Size: 120 30
2025-05-24T19:15:52.058754Z 988c96b63339 ()
2025-05-24T19:15:54.627934Z 988c96b63339 CMD: hello
2025-05-24T19:15:54.641006Z 988c96b63339 Command not found: hello
2025-05-24T19:16:02.432298Z 988c96b63339 CMD: probe
2025-05-24T19:16:02.444301Z 988c96b63339 Command not found: probe
2025-05-24T19:16:03.644529Z 988c96b63339 CMD: probe.py
2025-05-24T19:16:03.654092Z 988c96b63339 Command not found: probe.py
2025-05-24T19:16:07.307271Z 988c96b63339 CMD: fake.py
2025-05-24T19:16:07.318903Z 988c96b63339 Command not found: fake.py
2025-05-24T19:16:14.380974Z 988c96b63339 CMD: list_critical_updates
2025-05-24T19:16:14.393573Z 988c96b63339 Command not found: list_critical_updates
2025-05-24T19:16:19.622712Z 988c96b63339 CMD: cd /
2025-05-24T19:16:22.719468Z 988c96b63339 CMD: ls -la
2025-05-24T19:16:27.684215Z 988c96b63339 CMD: cd /
2025-05-24T19:16:29.357977Z 988c96b63339 CMD: ls -la
2025-05-24T19:18:52.113313Z 988c96b63339 Connection lost after 182.7 seconds
2025-05-24T19:20:44.121144Z 4139ed919857 New connection: 172.18.0.1:33888 (172.18.0.2:2222) [session: 4139ed919857]
2025-05-24T19:20:44.142307Z 4139ed919857 Remote SSH version: SSH-2.0-OpenSSH_9.6p1 Ubuntu-3ubuntu13.11
2025-05-24T19:20:44.153187Z 4139ed919857 SSH client hassh fingerprint: aae6b9604f6f3356543709a376d7f657
2025-05-24T19:20:46.745435Z 4139ed919857 login attempt [admin/hello] succeeded
2025-05-24T19:20:47.176970Z 4139ed919857 Terminal Size: 133 33
2025-05-24T19:20:47.185464Z 4139ed919857 request_env: LANG=C.UTF-8
2025-05-24T19:20:47.201033Z 4139ed919857 ()
2025-05-24T19:20:57.459043Z 4139ed919857 CMD: fake
2025-05-24T19:20:57.471350Z 4139ed919857 Command not found: fake
2025-05-24T19:21:01.823573Z 4139ed919857 CMD: fake.py
2025-05-24T19:21:01.836837Z 4139ed919857 Command not found: fake.py
2025-05-24T19:21:07.581635Z 4139ed919857 CMD: list_critical_updates
2025-05-24T19:21:07.593475Z 4139ed919857 Command not found: list_critical_updates
2025-05-24T19:21:32.831227Z 4139ed919857 CMD: view_network_config
2025-05-24T19:21:32.841537Z 4139ed919857 Command not found: view_network_config
2025-05-24T19:21:43.648529Z 4139ed919857 CMD: check_db_status
2025-05-24T19:21:43.659754Z 4139ed919857 Command not found: check_db_status
2025-05-24T19:21:56.691751Z 4139ed919857 CMD: hello
2025-05-24T19:21:56.703681Z 4139ed919857 Command not found: hello
2025-05-24T19:22:23.113016Z 4139ed919857 CMD: docker run -it --rm -p 2222:2222 -v ${PWD}/cowrie_textcmds:/cowrie/src/cowrie/data/txtcmds cowrie/cowrie:latest /bin/bash
2025-05-24T19:22:23.128181Z 4139ed919857 Command not found: docker run -it --rm -p 2222:2222 -v ${PWD}/cowrie_textcmds:/cowrie/src/cowrie/data/txtcmds cowrie/cowrie:latest /bin/bash
2025-05-24T19:22:24.460250Z 4139ed919857 CMD: exit
2025-05-24T19:22:24.485462Z 4139ed919857 Closing TTY Log: var/lib/cowrie/tty/06b9b495187b9b0a78f5c881d6a99eb447c71abf0a6fc5fd42936aab2739bdd5 after 97.3 seconds
2025-05-24T19:22:24.500454Z 4139ed919857 Connection lost after 100.4 seconds
2025-05-24T19:33:59.952336Z fd271aa9282e New connection: 172.18.0.1:50822 (172.18.0.2:2222) [session: fd271aa9282e]
2025-05-24T19:33:59.968448Z fd271aa9282e Remote SSH version: SSH-2.0-OpenSSH_for_Windows_9.5
2025-05-24T19:33:59.977778Z fd271aa9282e SSH client hassh fingerprint: 701158e75b508e76f0410d5d22ef9df0
2025-05-24T19:34:05.348798Z fd271aa9282e login attempt [admin/ff] succeeded
2025-05-24T19:34:05.709781Z fd271aa9282e Terminal Size: 133 33
2025-05-24T19:34:05.723286Z fd271aa9282e ()
2025-05-24T19:34:07.485425Z fd271aa9282e CMD: hello
2025-05-24T19:34:07.497071Z fd271aa9282e Command not found: hello
2025-05-24T19:34:19.081436Z fd271aa9282e CMD: list_critical_updates
2025-05-24T19:34:19.092323Z fd271aa9282e Command not found: list_critical_updates
2025-05-24T19:34:25.900388Z fd271aa9282e CMD: check_db_status
2025-05-24T19:34:25.911223Z fd271aa9282e Command not found: check_db_status
2025-05-24T19:34:36.373866Z fd271aa9282e CMD: get_system_info
2025-05-24T19:34:36.385333Z fd271aa9282e Command not found: get_system_info
2025-05-24T19:34:40.609400Z fd271aa9282e CMD: hello.py
2025-05-24T19:34:40.618719Z fd271aa9282e Command not found: hello.py
2025-05-24T19:34:41.895978Z fd271aa9282e CMD: ls -la
2025-05-24T19:34:45.504924Z fd271aa9282e CMD: cd /
2025-05-24T19:34:46.443907Z fd271aa9282e CMD: ls -l
2025-05-24T19:34:48.368786Z fd271aa9282e CMD: ls
2025-05-24T19:34:55.071399Z fd271aa9282e CMD: cd /
2025-05-24T19:34:55.557075Z fd271aa9282e CMD: ls
2025-05-24T19:35:01.105003Z fd271aa9282e Closing TTY Log: var/lib/cowrie/tty/fcc05d80c8a6216c37c75be804d95a754f24c304416067e6bc6d426d1578a1b3 after 55.4 seconds
2025-05-24T19:35:01.125071Z fd271aa9282e Connection lost after 61.2 seconds
2025-05-25T08:09:20.869896Z cd62d1f95462 New connection: 172.18.0.1:54336 (172.18.0.2:2222) [session: cd62d1f95462]
2025-05-25T08:09:20.899659Z cd62d1f95462 Remote SSH version: SSH-2.0-OpenSSH_for_Windows_9.5
2025-05-25T08:09:20.915180Z cd62d1f95462 SSH client hassh fingerprint: 701158e75b508e76f0410d5d22ef9df0
2025-05-25T08:09:20.966521Z cd62d1f95462 Connection lost after 0.1 seconds
2025-05-25T08:09:32.136147Z 2cebab0039b1 New connection: 172.18.0.1:54546 (172.18.0.2:2222) [session: 2cebab0039b1]
2025-05-25T08:09:32.181798Z 2cebab0039b1 Remote SSH version: SSH-2.0-OpenSSH_for_Windows_9.5
2025-05-25T08:09:32.197053Z 2cebab0039b1 SSH client hassh fingerprint: 701158e75b508e76f0410d5d22ef9df0
2025-05-25T08:09:35.775215Z 2cebab0039b1 login attempt [admin/t] succeeded
2025-05-25T08:09:36.203334Z 2cebab0039b1 Terminal Size: 133 33
2025-05-25T08:09:36.219576Z 2cebab0039b1 ()
2025-05-25T08:09:39.890073Z 2cebab0039b1 CMD: hello
2025-05-25T08:09:39.900679Z 2cebab0039b1 Command not found: hello
2025-05-25T08:09:44.146059Z 2cebab0039b1 CMD: hello.py
2025-05-25T08:09:44.162941Z 2cebab0039b1 Command not found: hello.py
2025-05-25T08:12:36.254665Z 2cebab0039b1 Connection lost after 184.1 seconds
2025-05-25T09:25:51.184216Z 0c60ddc23bf5 New connection: 172.18.0.1:36792 (172.18.0.2:2222) [session: 0c60ddc23bf5]
2025-05-25T09:25:51.187017Z 0c60ddc23bf5 Remote SSH version: SSH-2.0-OpenSSH_for_Windows_9.5
2025-05-25T09:25:51.191182Z 0c60ddc23bf5 SSH client hassh fingerprint: 701158e75b508e76f0410d5d22ef9df0
2025-05-25T09:25:51.257951Z 0c60ddc23bf5 Connection lost after 0.1 seconds
2025-05-25T09:26:03.177592Z 37a92f39cff8 New connection: 172.18.0.1:42534 (172.18.0.2:2222) [session: 37a92f39cff8]
2025-05-25T09:26:03.181291Z 37a92f39cff8 Remote SSH version: SSH-2.0-OpenSSH_for_Windows_9.5
2025-05-25T09:26:03.182866Z 37a92f39cff8 SSH client hassh fingerprint: 701158e75b508e76f0410d5d22ef9df0
2025-05-25T09:26:03.201518Z 37a92f39cff8 Connection lost after 0.0 seconds
2025-05-25T09:26:55.186205Z 45c341d8af3b New connection: 172.18.0.1:52590 (172.18.0.2:2222) [session: 45c341d8af3b]
2025-05-25T09:26:55.187709Z 45c341d8af3b Remote SSH version: SSH-2.0-OpenSSH_for_Windows_9.5
2025-05-25T09:26:55.191487Z 45c341d8af3b SSH client hassh fingerprint: 701158e75b508e76f0410d5d22ef9df0
2025-05-25T09:26:58.256934Z 45c341d8af3b login attempt [admin/s] succeeded
2025-05-25T09:26:58.274303Z 45c341d8af3b Terminal Size: 133 33
2025-05-25T09:26:58.276713Z 45c341d8af3b ()
2025-05-25T09:27:05.697000Z 45c341d8af3b CMD: hello
2025-05-25T09:27:05.698547Z 45c341d8af3b Command not found: hello
2025-05-25T09:27:30.985734Z 45c341d8af3b CMD: ls -la
2025-05-25T09:27:34.174726Z 45c341d8af3b CMD: cd /
2025-05-25T09:27:34.974141Z 45c341d8af3b CMD: cd /
2025-05-25T09:27:36.046753Z 45c341d8af3b CMD: ls -la
2025-05-25T09:27:38.811360Z 45c341d8af3b CMD: hello
2025-05-25T09:27:38.813276Z 45c341d8af3b Command not found: hello
2025-05-25T09:27:42.825711Z 45c341d8af3b CMD: cat hello
2025-05-25T09:29:42.030221Z 45c341d8af3b Closing TTY Log: var/lib/cowrie/tty/828d64fe4a7b4d9ff4b36d2ea911d894d9557048d5f92894d3245efb351fc7e2 after 163.8 seconds
2025-05-25T09:29:42.033647Z 45c341d8af3b Connection lost after 166.8 seconds
2025-05-25T09:32:50.363988Z 726831c333f7 New connection: 172.18.0.1:35508 (172.18.0.2:2222) [session: 726831c333f7]
2025-05-25T09:32:50.368281Z 726831c333f7 Remote SSH version: SSH-2.0-OpenSSH_for_Windows_9.5
2025-05-25T09:32:50.370190Z 726831c333f7 SSH client hassh fingerprint: 701158e75b508e76f0410d5d22ef9df0
2025-05-25T09:32:52.179938Z 726831c333f7 login attempt [admin/d] succeeded
2025-05-25T09:32:52.193458Z 726831c333f7 Terminal Size: 120 30
2025-05-25T09:32:52.196470Z 726831c333f7 ()
2025-05-25T09:32:56.373725Z 726831c333f7 CMD: hello
2025-05-25T09:32:56.375528Z 726831c333f7 Command not found: hello
2025-05-25T09:33:04.038925Z 726831c333f7 Closing TTY Log: var/lib/cowrie/tty/64cba2a711974b12acb53bf093ecc488b0bf9b5c20e12d5dad5f249690c7319f after 11.8 seconds
2025-05-25T09:33:04.041252Z 726831c333f7 Connection lost after 13.7 seconds
2025-05-25T09:35:36.363090Z 5b862b51e856 New connection: 172.18.0.1:54310 (172.18.0.2:2222) [session: 5b862b51e856]
2025-05-25T09:35:36.366749Z 5b862b51e856 Remote SSH version: SSH-2.0-OpenSSH_for_Windows_9.5
2025-05-25T09:35:36.369126Z 5b862b51e856 SSH client hassh fingerprint: 701158e75b508e76f0410d5d22ef9df0
2025-05-25T09:35:38.382847Z 5b862b51e856 login attempt [admin/f] succeeded
2025-05-25T09:35:38.396546Z 5b862b51e856 Terminal Size: 120 30
2025-05-25T09:35:38.400068Z 5b862b51e856 ()
2025-05-25T09:35:39.902750Z 5b862b51e856 CMD: hello
2025-05-25T09:35:39.904390Z 5b862b51e856 Command not found: hello
2025-05-25T09:36:03.360205Z 5b862b51e856 Closing TTY Log: var/lib/cowrie/tty/64cba2a711974b12acb53bf093ecc488b0bf9b5c20e12d5dad5f249690c7319f after 25.0 seconds
2025-05-25T09:36:03.363242Z 5b862b51e856 Connection lost after 27.0 seconds
2025-05-25T09:42:19.753899Z 7134361b305b New connection: 172.18.0.1:37652 (172.18.0.2:2222) [session: 7134361b305b]
2025-05-25T09:42:19.755410Z 7134361b305b Remote SSH version: SSH-2.0-OpenSSH_for_Windows_9.5
2025-05-25T09:42:19.759320Z 7134361b305b SSH client hassh fingerprint: 701158e75b508e76f0410d5d22ef9df0
2025-05-25T09:42:22.080861Z 7134361b305b login attempt [admin/ד] succeeded
2025-05-25T09:42:22.092128Z 7134361b305b Terminal Size: 120 30
2025-05-25T09:42:22.094935Z 7134361b305b ()
2025-05-25T09:42:24.501695Z 7134361b305b CMD: hello
2025-05-25T09:42:24.503642Z 7134361b305b Command not found: hello
2025-05-25T09:42:25.730325Z 7134361b305b CMD: hello.py
2025-05-25T09:42:25.731775Z 7134361b305b Command not found: hello.py
2025-05-25T09:42:34.744838Z 7134361b305b CMD: view_network_config
2025-05-25T09:42:34.747227Z 7134361b305b Command not found: view_network_config
2025-05-25T09:42:44.700761Z 7134361b305b CMD: check_db_status
2025-05-25T09:42:44.702927Z 7134361b305b Command not found: check_db_status
2025-05-25T09:45:22.112063Z 7134361b305b Connection lost after 182.4 seconds
2025-05-25T09:47:48.563089Z fe5ada9d6d20 New connection: 172.18.0.1:47610 (172.18.0.2:2222) [session: fe5ada9d6d20]
2025-05-25T09:47:48.564995Z fe5ada9d6d20 Remote SSH version: SSH-2.0-OpenSSH_for_Windows_9.5
2025-05-25T09:47:48.568706Z fe5ada9d6d20 SSH client hassh fingerprint: 701158e75b508e76f0410d5d22ef9df0
2025-05-25T09:47:51.373610Z fe5ada9d6d20 login attempt [admin/d] succeeded
2025-05-25T09:47:51.386819Z fe5ada9d6d20 Terminal Size: 120 30
2025-05-25T09:47:51.389619Z fe5ada9d6d20 ()
2025-05-25T09:47:52.630851Z fe5ada9d6d20 CMD: hello
2025-05-25T09:47:52.632847Z fe5ada9d6d20 Command not found: hello
2025-05-25T09:50:51.404960Z fe5ada9d6d20 Connection lost after 182.8 seconds
2025-05-25T13:09:19.043253Z 1ded99b73b51 New connection: 172.18.0.1:46168 (172.18.0.2:2222) [session: 1ded99b73b51]
2025-05-25T13:09:19.045235Z 1ded99b73b51 Remote SSH version: SSH-2.0-OpenSSH_for_Windows_9.5
2025-05-25T13:09:19.049284Z 1ded99b73b51 SSH client hassh fingerprint: 701158e75b508e76f0410d5d22ef9df0
2025-05-25T13:09:20.760497Z 1ded99b73b51 login attempt [admin/d] succeeded
2025-05-25T13:09:20.774982Z 1ded99b73b51 Terminal Size: 120 30
2025-05-25T13:09:20.779104Z 1ded99b73b51 ()
2025-05-25T13:09:25.099030Z 1ded99b73b51 CMD: hello
2025-05-25T13:09:25.101409Z 1ded99b73b51 Command not found: hello
2025-05-25T13:10:04.461579Z 1ded99b73b51 CMD: list_critical_updates
2025-05-25T13:10:04.463309Z 1ded99b73b51 Command not found: list_critical_updates
2025-05-25T13:10:06.284148Z 1ded99b73b51 CMD: ls -la
2025-05-25T13:10:10.634166Z 1ded99b73b51 CMD: cd /
2025-05-25T13:10:13.914286Z 1ded99b73b51 CMD: ls -la
2025-05-25T13:10:17.026402Z 1ded99b73b51 CMD: hello
2025-05-25T13:10:17.028060Z 1ded99b73b51 Command not found: hello
2025-05-25T13:12:21.120864Z 1ded99b73b51 Connection lost after 182.1 seconds
2025-05-25T14:01:23.644047Z 4e463c494275 New connection: 172.18.0.1:49950 (172.18.0.2:2222) [session: 4e463c494275]
2025-05-25T14:01:23.646232Z 4e463c494275 Remote SSH version: SSH-2.0-OpenSSH_for_Windows_9.5
2025-05-25T14:01:23.649902Z 4e463c494275 SSH client hassh fingerprint: 701158e75b508e76f0410d5d22ef9df0
2025-05-25T14:01:24.949846Z 4e463c494275 login attempt [admin/d] succeeded
2025-05-25T14:01:24.969364Z 4e463c494275 Terminal Size: 120 30
2025-05-25T14:01:24.971688Z 4e463c494275 ()
2025-05-25T14:01:26.156465Z 4e463c494275 CMD: hello
2025-05-25T14:01:26.158960Z 4e463c494275 Command not found: hello
2025-05-25T14:01:28.614600Z 4e463c494275 CMD: hello2
2025-05-25T14:01:28.615955Z 4e463c494275 Command not found: hello2
2025-05-25T14:04:25.443402Z 4e463c494275 Connection lost after 181.8 seconds
2025-05-26T18:47:51.570517Z 70cb1e3570b6 New connection: 172.18.0.1:51092 (172.18.0.2:2222) [session: 70cb1e3570b6]
2025-05-26T18:47:51.578601Z 70cb1e3570b6 Remote SSH version: SSH-2.0-OpenSSH_for_Windows_9.5
2025-05-26T18:47:51.587962Z 70cb1e3570b6 SSH client hassh fingerprint: 701158e75b508e76f0410d5d22ef9df0
2025-05-26T18:48:09.529867Z 70cb1e3570b6 login attempt [admin/admin] succeeded
2025-05-26T18:48:09.561552Z 70cb1e3570b6 Terminal Size: 120 30
2025-05-26T18:48:09.564634Z 70cb1e3570b6 ()
2025-05-26T18:48:25.620800Z 70cb1e3570b6 CMD: ls -la
2025-05-26T18:48:42.271601Z 70cb1e3570b6 CMD: cd /
2025-05-26T18:48:44.394926Z 70cb1e3570b6 CMD: ls -la
2025-05-26T18:48:59.515942Z 70cb1e3570b6 CMD: cd home
2025-05-26T18:49:05.277384Z 70cb1e3570b6 CMD: ls -la
2025-05-26T18:51:09.580606Z 70cb1e3570b6 Connection lost after 198.0 seconds
2025-05-26T18:59:54.234300Z 537e1c39d947 New connection: 172.18.0.1:34472 (172.18.0.2:2222) [session: 537e1c39d947]
2025-05-26T18:59:54.236150Z 537e1c39d947 Remote SSH version: SSH-2.0-OpenSSH_for_Windows_9.5
2025-05-26T18:59:54.240634Z 537e1c39d947 SSH client hassh fingerprint: 701158e75b508e76f0410d5d22ef9df0
2025-05-26T19:00:28.422637Z 537e1c39d947 login attempt [root/sfs] failed
2025-05-26T19:00:31.402885Z 537e1c39d947 login attempt [root/sff] failed
2025-05-26T19:00:43.138484Z 537e1c39d947 Connection lost after 48.9 seconds
2025-05-26T19:01:15.791928Z 755b24904983 New connection: 172.18.0.1:36676 (172.18.0.2:2222) [session: 755b24904983]
2025-05-26T19:01:15.794008Z 755b24904983 Remote SSH version: SSH-2.0-OpenSSH_for_Windows_9.5
2025-05-26T19:01:15.796141Z 755b24904983 SSH client hassh fingerprint: 701158e75b508e76f0410d5d22ef9df0
2025-05-26T19:01:17.499234Z 755b24904983 login attempt [jdoe/d] succeeded
2025-05-26T19:01:17.525924Z 755b24904983 Terminal Size: 120 30
2025-05-26T19:01:17.537066Z 755b24904983 ()
2025-05-26T19:01:36.675802Z 755b24904983 CMD: ls -la
2025-05-26T19:01:47.226858Z 755b24904983 CMD: cd /
2025-05-26T19:01:48.708365Z 755b24904983 CMD: ls -la
2025-05-26T19:03:02.650275Z 755b24904983 CMD: var
2025-05-26T19:03:02.652395Z 755b24904983 Command not found: var
2025-05-26T19:03:04.334470Z 755b24904983 CMD: /var
2025-05-26T19:03:04.339454Z 755b24904983 Command not found: /var
2025-05-26T19:03:20.794915Z 755b24904983 CMD: cd /var
2025-05-26T19:03:24.113873Z 755b24904983 CMD: ls -la
2025-05-26T19:03:29.318666Z 755b24904983 CMD: cd /www
2025-05-26T19:03:34.053305Z 755b24904983 CMD: cd /opt
2025-05-26T19:03:36.844391Z 755b24904983 CMD: ls -la
2025-05-26T19:03:41.306019Z 755b24904983 CMD: cat ..
2025-05-26T19:03:46.645978Z 755b24904983 CMD:  cd 
2025-05-26T19:03:47.607820Z 755b24904983 CMD: cd /
2025-05-26T19:03:48.884680Z 755b24904983 CMD: ls -la
2025-05-26T19:03:54.650523Z 755b24904983 CMD: cd /tmp
2025-05-26T19:03:55.881184Z 755b24904983 CMD: ls -la
2025-05-26T19:04:01.124716Z 755b24904983 CMD: cd /
2025-05-26T19:04:03.463771Z 755b24904983 CMD: ls -la
2025-05-26T19:04:07.794159Z 755b24904983 CMD: cd /etc
2025-05-26T19:04:09.336645Z 755b24904983 CMD: ls -la
2025-05-26T19:04:12.354681Z 755b24904983 CMD: cat shadow
2025-05-26T19:04:17.552220Z 755b24904983 Connection lost after 181.8 seconds
